<?xml version="1.0" encoding="UTF-8"?>
<!-- Generated by org.testng.reporters.JUnitXMLReporter -->
<testsuite hostname="LAPTOP-SLURSDT2" ignored="0" name="wangdonghui" tests="1" failures="0" timestamp="21 十二月 2018 00:50:30 GMT" time="0.071" errors="0">
  <testcase name="@BeforeClass doBeforeSuite" time="0.056" classname="com.webtest.core.BaseTest">
    <failure type="java.lang.IllegalStateException" message="The driver executable does not exist: D:\EShareClass\Test\auto2018\Geckodriver\chromedriver.exe">
      <![CDATA[java.lang.IllegalStateException: The driver executable does not exist: D:\EShareClass\Test\auto2018\Geckodriver\chromedriver.exe
at com.google.common.base.Preconditions.checkState(Preconditions.java:534)
at org.openqa.selenium.remote.service.DriverService.checkExecutable(DriverService.java:136)
at org.openqa.selenium.remote.service.DriverService.findExecutable(DriverService.java:131)
at org.openqa.selenium.chrome.ChromeDriverService.access$000(ChromeDriverService.java:32)
at org.openqa.selenium.chrome.ChromeDriverService$Builder.findDefaultExecutable(ChromeDriverService.java:137)
at org.openqa.selenium.remote.service.DriverService$Builder.build(DriverService.java:329)
at org.openqa.selenium.chrome.ChromeDriverService.createDefaultService(ChromeDriverService.java:88)
at org.openqa.selenium.chrome.ChromeDriver.<init>(ChromeDriver.java:123)
at com.webtest.core.BaseTest.newWebDriver(BaseTest.java:57)
at com.webtest.core.BaseTest.doBeforeSuite(BaseTest.java:78)
... Removed 25 stack frames]]>
    </failure>
  </testcase> <!-- @BeforeClass doBeforeSuite -->
  <testcase name="@AfterClass doAfterMethod" time="0.0" classname="com.webtest.core.BaseTest">
    <skipped/>
  </testcase> <!-- @AfterClass doAfterMethod -->
  <testcase name="testLogin" time="0.0" classname="com.webtest.demo.Admin_Login">
    <skipped/>
  </testcase> <!-- testLogin -->
</testsuite> <!-- wangdonghui -->
