<?xml version="1.0" encoding="UTF-8"?>
<testng-results skipped="0" failed="1" ignored="0" total="1" passed="0">
  <reporter-output>
  </reporter-output>
  <suite name="Default suite" duration-ms="30612" started-at="2018-12-29T11:22:34Z" finished-at="2018-12-29T11:23:05Z">
    <groups>
    </groups>
    <test name="Default test" duration-ms="30612" started-at="2018-12-29T11:22:34Z" finished-at="2018-12-29T11:23:05Z">
      <class name="test.AddComment_test">
        <test-method status="PASS" signature="doBeforeSuite()[pri:0, instance:test.AddComment_test@262b2c86]" name="doBeforeSuite" is-config="true" duration-ms="5247" started-at="2018-12-29T11:22:34Z" finished-at="2018-12-29T11:22:39Z">
          <reporter-output>
          </reporter-output>
        </test-method> <!-- doBeforeSuite -->
        <test-method status="PASS" signature="login()[pri:0, instance:test.AddComment_test@262b2c86]" name="login" is-config="true" duration-ms="10786" started-at="2018-12-29T11:22:39Z" finished-at="2018-12-29T11:22:50Z">
          <reporter-output>
          </reporter-output>
        </test-method> <!-- login -->
        <test-method status="FAIL" signature="addcourse_coment()[pri:0, instance:test.AddComment_test@262b2c86]" name="addcourse_coment" duration-ms="13848" started-at="2018-12-29T11:22:50Z" finished-at="2018-12-29T11:23:04Z">
          <exception class="java.lang.AssertionError">
            <message>
              <![CDATA[expected [您的评论已发表成功] but found [您的评论以发表成功！]]]>
            </message>
            <full-stacktrace>
              <![CDATA[java.lang.AssertionError: expected [您的评论已发表成功] but found [您的评论以发表成功！]
at org.testng.Assert.fail(Assert.java:96)
at org.testng.Assert.failNotEquals(Assert.java:776)
at org.testng.Assert.assertEqualsImpl(Assert.java:137)
at org.testng.Assert.assertEquals(Assert.java:118)
at org.testng.Assert.assertEquals(Assert.java:453)
at org.testng.Assert.assertEquals(Assert.java:463)
at test.AddComment_test.addcourse_coment(AddComment_test.java:43)
at sun.reflect.NativeMethodAccessorImpl.invoke0(Native Method)
at sun.reflect.NativeMethodAccessorImpl.invoke(NativeMethodAccessorImpl.java:62)
at sun.reflect.DelegatingMethodAccessorImpl.invoke(DelegatingMethodAccessorImpl.java:43)
at java.lang.reflect.Method.invoke(Method.java:498)
at org.testng.internal.MethodInvocationHelper.invokeMethod(MethodInvocationHelper.java:124)
at org.testng.internal.Invoker.invokeMethod(Invoker.java:580)
at org.testng.internal.Invoker.invokeTestMethod(Invoker.java:716)
at org.testng.internal.Invoker.invokeTestMethods(Invoker.java:988)
at org.testng.internal.TestMethodWorker.invokeTestMethods(TestMethodWorker.java:125)
at org.testng.internal.TestMethodWorker.run(TestMethodWorker.java:109)
at org.testng.TestRunner.privateRun(TestRunner.java:648)
at org.testng.TestRunner.run(TestRunner.java:505)
at org.testng.SuiteRunner.runTest(SuiteRunner.java:455)
at org.testng.SuiteRunner.runSequentially(SuiteRunner.java:450)
at org.testng.SuiteRunner.privateRun(SuiteRunner.java:415)
at org.testng.SuiteRunner.run(SuiteRunner.java:364)
at org.testng.SuiteRunnerWorker.runSuite(SuiteRunnerWorker.java:52)
at org.testng.SuiteRunnerWorker.run(SuiteRunnerWorker.java:84)
at org.testng.TestNG.runSuitesSequentially(TestNG.java:1208)
at org.testng.TestNG.runSuitesLocally(TestNG.java:1137)
at org.testng.TestNG.runSuites(TestNG.java:1049)
at org.testng.TestNG.run(TestNG.java:1017)
at org.testng.remote.AbstractRemoteTestNG.run(AbstractRemoteTestNG.java:114)
at org.testng.remote.RemoteTestNG.initAndRun(RemoteTestNG.java:251)
at org.testng.remote.RemoteTestNG.main(RemoteTestNG.java:77)
]]>
            </full-stacktrace>
          </exception> <!-- java.lang.AssertionError -->
          <reporter-output>
          </reporter-output>
        </test-method> <!-- addcourse_coment -->
        <test-method status="PASS" signature="doAfterMethod()[pri:0, instance:test.AddComment_test@262b2c86]" name="doAfterMethod" is-config="true" duration-ms="707" started-at="2018-12-29T11:23:04Z" finished-at="2018-12-29T11:23:05Z">
          <reporter-output>
          </reporter-output>
        </test-method> <!-- doAfterMethod -->
      </class> <!-- test.AddComment_test -->
    </test> <!-- Default test -->
  </suite> <!-- Default suite -->
</testng-results>
