<?xml version="1.0" encoding="UTF-8"?>
<testsuite name="wangdonghui"
           tests="3"
           failures="1"
           errors="0"
           skipped="2"
           time="0.056">
  <properties />
            <testcase name="doBeforeSuite" time="0.056" classname="com.webtest.demo.Admin_Login">
                <failure type="java.lang.IllegalStateException"
                  message="The driver executable does not exist: D:\EShareClass\Test\auto2018\Geckodriver\chromedriver.exe"
              >
<![CDATA[java.lang.IllegalStateException: The driver executable does not exist: D:\EShareClass\Test\auto2018\Geckodriver\chromedriver.exe
  com.google.common.base.Preconditions.checkState(Preconditions.java:534)
  org.openqa.selenium.remote.service.DriverService.checkExecutable(DriverService.java:136)
  org.openqa.selenium.remote.service.DriverService.findExecutable(DriverService.java:131)
  org.openqa.selenium.chrome.ChromeDriverService.access$000(ChromeDriverService.java:32)
  org.openqa.selenium.chrome.ChromeDriverService$Builder.findDefaultExecutable(ChromeDriverService.java:137)
  org.openqa.selenium.remote.service.DriverService$Builder.build(DriverService.java:329)
  org.openqa.selenium.chrome.ChromeDriverService.createDefaultService(ChromeDriverService.java:88)
  org.openqa.selenium.chrome.ChromeDriver.<init>(ChromeDriver.java:123)
  com.webtest.core.BaseTest.newWebDriver(BaseTest.java:57)
  com.webtest.core.BaseTest.doBeforeSuite(BaseTest.java:78)
  sun.reflect.NativeMethodAccessorImpl.invoke0(Native Method)
  sun.reflect.NativeMethodAccessorImpl.invoke(NativeMethodAccessorImpl.java:62)
  sun.reflect.DelegatingMethodAccessorImpl.invoke(DelegatingMethodAccessorImpl.java:43)
  java.lang.reflect.Method.invoke(Method.java:498)
  org.testng.internal.MethodInvocationHelper.invokeMethod(MethodInvocationHelper.java:124)
  org.testng.internal.MethodInvocationHelper.invokeMethodConsideringTimeout(MethodInvocationHelper.java:59)
  org.testng.internal.Invoker.invokeConfigurationMethod(Invoker.java:455)
  org.testng.internal.Invoker.invokeConfigurations(Invoker.java:222)
  org.testng.internal.Invoker.invokeConfigurations(Invoker.java:142)
  org.testng.internal.TestMethodWorker.invokeBeforeClassMethods(TestMethodWorker.java:168)
  org.testng.internal.TestMethodWorker.run(TestMethodWorker.java:105)
  org.testng.TestRunner.privateRun(TestRunner.java:648)
  org.testng.TestRunner.run(TestRunner.java:505)
  org.testng.SuiteRunner.runTest(SuiteRunner.java:455)
  org.testng.SuiteRunner.runSequentially(SuiteRunner.java:450)
  org.testng.SuiteRunner.privateRun(SuiteRunner.java:415)
  org.testng.SuiteRunner.run(SuiteRunner.java:364)
  org.testng.SuiteRunnerWorker.runSuite(SuiteRunnerWorker.java:52)
  org.testng.SuiteRunnerWorker.run(SuiteRunnerWorker.java:84)
  org.testng.TestNG.runSuitesSequentially(TestNG.java:1208)
  org.testng.TestNG.runSuitesLocally(TestNG.java:1137)
  org.testng.TestNG.runSuites(TestNG.java:1049)
  org.testng.TestNG.run(TestNG.java:1017)
  org.testng.TestNG.privateMain(TestNG.java:1354)
  org.testng.TestNG.main(TestNG.java:1323)
]]>
      </failure>

          </testcase>
  
            <testcase name="doAfterMethod" time="0.0" classname="com.webtest.demo.Admin_Login">
          <skipped />
    </testcase>
            <testcase name="testLogin" time="0.0" classname="com.webtest.demo.Admin_Login">
          <skipped />
    </testcase>
  
  
</testsuite>
